This is pdfTeX, Version 3.1415926-2.4-1.40.13 (MiKTeX 2.9 64-bit) (preloaded format=pdflatex 2013.8.29)  10 DEC 2015 09:35
entering extended mode
**shiny_pres.tex
(M:\presentations\shiny_pres\shiny_pres.tex
LaTeX2e <2011/06/27>
Babel <v3.8m> and hyphenation patterns for english, afrikaans, ancientgreek, ar
abic, armenian, assamese, basque, bengali, bokmal, bulgarian, catalan, coptic, 
croatian, czech, danish, dutch, esperanto, estonian, farsi, finnish, french, ga
lician, german, german-x-2012-05-30, greek, gujarati, hindi, hungarian, iceland
ic, indonesian, interlingua, irish, italian, kannada, kurmanji, latin, latvian,
 lithuanian, malayalam, marathi, mongolian, mongolianlmc, monogreek, ngerman, n
german-x-2012-05-30, nynorsk, oriya, panjabi, pinyin, polish, portuguese, roman
ian, russian, sanskrit, serbian, slovak, slovenian, spanish, swedish, swissgerm
an, tamil, telugu, turkish, turkmen, ukenglish, ukrainian, uppersorbian, usengl
ishmax, welsh, loaded.
(C:\Users\mbeck\AppData\Roaming\MiKTeX\2.9\tex\latex\beamer\base\beamer.cls
(C:\Users\mbeck\AppData\Roaming\MiKTeX\2.9\tex\latex\beamer\base\beamerbasercs.
sty
Package: beamerbasercs 2013/04/04 (rcs-revision 7b8d65c07caf)
)
Document Class: beamer 2013/04/04 3.27 A class for typesetting presentations (r
cs-revision dca7db0ccda1)

(C:\Users\mbeck\AppData\Roaming\MiKTeX\2.9\tex\latex\beamer\base\beamerbasemode
s.sty
Package: beamerbasemodes 2012/04/15 (rcs-revision cc6557182d97)
\beamer@tempbox=\box26
\beamer@tempcount=\count79
\c@beamerpauses=\count80

(C:\Users\mbeck\AppData\Roaming\MiKTeX\2.9\tex\latex\beamer\base\beamerbasedeco
de.sty
Package: beamerbasedecode 2010/05/01 (rcs-revision efa082c6111d)
\beamer@slideinframe=\count81
\beamer@minimum=\count82
)
\beamer@commentbox=\box27
\beamer@modecount=\count83
) ("C:\Program Files\MiKTeX 2.9\tex\generic\oberdiek\ifpdf.sty"
Package: ifpdf 2011/01/30 v2.3 Provides the ifpdf switch (HO)
Package ifpdf Info: pdfTeX in PDF mode is detected.
)
\headheight=\dimen102
\headdp=\dimen103
\footheight=\dimen104
\sidebarheight=\dimen105
\beamer@tempdim=\dimen106
\beamer@finalheight=\dimen107
\beamer@animht=\dimen108
\beamer@animdp=\dimen109
\beamer@animwd=\dimen110
\beamer@leftmargin=\dimen111
\beamer@rightmargin=\dimen112
\beamer@leftsidebar=\dimen113
\beamer@rightsidebar=\dimen114
\beamer@boxsize=\dimen115
\beamer@vboxoffset=\dimen116
\beamer@descdefault=\dimen117
\beamer@descriptionwidth=\dimen118
\beamer@lastskip=\skip41
\beamer@areabox=\box28
\beamer@animcurrent=\box29
\beamer@animshowbox=\box30
\beamer@sectionbox=\box31
\beamer@logobox=\box32
\beamer@linebox=\box33
\beamer@sectioncount=\count84
\beamer@subsubsectionmax=\count85
\beamer@subsectionmax=\count86
\beamer@sectionmax=\count87
\beamer@totalheads=\count88
\beamer@headcounter=\count89
\beamer@partstartpage=\count90
\beamer@sectionstartpage=\count91
\beamer@subsectionstartpage=\count92
\beamer@animationtempa=\count93
\beamer@animationtempb=\count94
\beamer@xpos=\count95
\beamer@ypos=\count96
\beamer@showpartnumber=\count97
\beamer@currentsubsection=\count98
\beamer@coveringdepth=\count99
\beamer@sectionadjust=\count100
\beamer@tocsectionnumber=\count101

(C:\Users\mbeck\AppData\Roaming\MiKTeX\2.9\tex\latex\beamer\base\beamerbaseopti
ons.sty
Package: beamerbaseoptions 2013/03/10 (rcs-revision 47431932db0d)
 ("C:\Program Files\MiKTeX 2.9\tex\latex\graphics\keyval.sty"
Package: keyval 1999/03/16 v1.13 key=value parser (DPC)
\KV@toks@=\toks14
))
\beamer@paperwidth=\skip42
\beamer@paperheight=\skip43

("C:\Program Files\MiKTeX 2.9\tex\latex\geometry\geometry.sty"
Package: geometry 2010/09/12 v5.6 Page Geometry

("C:\Program Files\MiKTeX 2.9\tex\generic\oberdiek\ifvtex.sty"
Package: ifvtex 2010/03/01 v1.5 Detect VTeX and its facilities (HO)
Package ifvtex Info: VTeX not detected.
)
("C:\Program Files\MiKTeX 2.9\tex\generic\ifxetex\ifxetex.sty"
Package: ifxetex 2010/09/12 v0.6 Provides ifxetex conditional
)
\Gm@cnth=\count102
\Gm@cntv=\count103
\c@Gm@tempcnt=\count104
\Gm@bindingoffset=\dimen119
\Gm@wd@mp=\dimen120
\Gm@odd@mp=\dimen121
\Gm@even@mp=\dimen122
\Gm@layoutwidth=\dimen123
\Gm@layoutheight=\dimen124
\Gm@layouthoffset=\dimen125
\Gm@layoutvoffset=\dimen126
\Gm@dimlist=\toks15

("C:\Program Files\MiKTeX 2.9\tex\latex\geometry\geometry.cfg"))

Class beamer Warning: ``serif'' is obsolete. Use font theme ``serif'' instead o
n input line 348.

("C:\Program Files\MiKTeX 2.9\tex\latex\base\size11.clo"
File: size11.clo 2007/10/19 v1.4h Standard LaTeX file (size option)
)
(C:\Users\mbeck\AppData\Roaming\MiKTeX\2.9\tex\latex\pgf\basiclayer\pgfcore.sty
("C:\Program Files\MiKTeX 2.9\tex\latex\graphics\graphicx.sty"
Package: graphicx 1999/02/16 v1.0f Enhanced LaTeX Graphics (DPC,SPQR)

("C:\Program Files\MiKTeX 2.9\tex\latex\graphics\graphics.sty"
Package: graphics 2009/02/05 v1.0o Standard LaTeX Graphics (DPC,SPQR)

("C:\Program Files\MiKTeX 2.9\tex\latex\graphics\trig.sty"
Package: trig 1999/03/16 v1.09 sin cos tan (DPC)
)
("C:\Program Files\MiKTeX 2.9\tex\latex\00miktex\graphics.cfg"
File: graphics.cfg 2007/01/18 v1.5 graphics configuration of teTeX/TeXLive
)
Package graphics Info: Driver file: pdftex.def on input line 91.

("C:\Program Files\MiKTeX 2.9\tex\latex\pdftex-def\pdftex.def"
File: pdftex.def 2011/05/27 v0.06d Graphics/color for pdfTeX

("C:\Program Files\MiKTeX 2.9\tex\generic\oberdiek\infwarerr.sty"
Package: infwarerr 2010/04/08 v1.3 Providing info/warning/error messages (HO)
)
("C:\Program Files\MiKTeX 2.9\tex\generic\oberdiek\ltxcmds.sty"
Package: ltxcmds 2011/11/09 v1.22 LaTeX kernel commands for general use (HO)
)
\Gread@gobject=\count105
))
\Gin@req@height=\dimen127
\Gin@req@width=\dimen128
)
(C:\Users\mbeck\AppData\Roaming\MiKTeX\2.9\tex\latex\pgf\systemlayer\pgfsys.sty
(C:\Users\mbeck\AppData\Roaming\MiKTeX\2.9\tex\latex\pgf\utilities\pgfrcs.sty
(C:\Users\mbeck\AppData\Roaming\MiKTeX\2.9\tex\generic\pgf\utilities\pgfutil-co
mmon.tex
\pgfutil@everybye=\toks16
\pgfutil@tempdima=\dimen129
\pgfutil@tempdimb=\dimen130

(C:\Users\mbeck\AppData\Roaming\MiKTeX\2.9\tex\generic\pgf\utilities\pgfutil-co
mmon-lists.tex))
(C:\Users\mbeck\AppData\Roaming\MiKTeX\2.9\tex\generic\pgf\utilities\pgfutil-la
tex.def
\pgfutil@abb=\box34
 (C:\Users\mbeck\AppData\Roaming\MiKTeX\2.9\tex\latex\ms\everyshi.sty
Package: everyshi 2001/05/15 v3.00 EveryShipout Package (MS)
))
(C:\Users\mbeck\AppData\Roaming\MiKTeX\2.9\tex\generic\pgf\utilities\pgfrcs.cod
e.tex
Package: pgfrcs 2015/08/07 v3.0.1a (rcs-revision 1.31)
))
(C:\Users\mbeck\AppData\Roaming\MiKTeX\2.9\tex\generic\pgf\systemlayer\pgfsys.c
ode.tex
Package: pgfsys 2014/07/09 v3.0.1a (rcs-revision 1.48)

(C:\Users\mbeck\AppData\Roaming\MiKTeX\2.9\tex\generic\pgf\utilities\pgfkeys.co
de.tex
\pgfkeys@pathtoks=\toks17
\pgfkeys@temptoks=\toks18

(C:\Users\mbeck\AppData\Roaming\MiKTeX\2.9\tex\generic\pgf\utilities\pgfkeysfil
tered.code.tex
\pgfkeys@tmptoks=\toks19
))
\pgf@x=\dimen131
\pgf@y=\dimen132
\pgf@xa=\dimen133
\pgf@ya=\dimen134
\pgf@xb=\dimen135
\pgf@yb=\dimen136
\pgf@xc=\dimen137
\pgf@yc=\dimen138
\w@pgf@writea=\write3
\r@pgf@reada=\read1
\c@pgf@counta=\count106
\c@pgf@countb=\count107
\c@pgf@countc=\count108
\c@pgf@countd=\count109
\t@pgf@toka=\toks20
\t@pgf@tokb=\toks21
\t@pgf@tokc=\toks22

(C:\Users\mbeck\AppData\Roaming\MiKTeX\2.9\tex\generic\pgf\systemlayer\pgf.cfg
File: pgf.cfg 2008/05/14  (rcs-revision 1.7)
)
Driver file for pgf: pgfsys-pdftex.def

(C:\Users\mbeck\AppData\Roaming\MiKTeX\2.9\tex\generic\pgf\systemlayer\pgfsys-p
dftex.def
File: pgfsys-pdftex.def 2014/10/11  (rcs-revision 1.35)

(C:\Users\mbeck\AppData\Roaming\MiKTeX\2.9\tex\generic\pgf\systemlayer\pgfsys-c
ommon-pdf.def
File: pgfsys-common-pdf.def 2013/10/10  (rcs-revision 1.13)
)))
(C:\Users\mbeck\AppData\Roaming\MiKTeX\2.9\tex\generic\pgf\systemlayer\pgfsysso
ftpath.code.tex
File: pgfsyssoftpath.code.tex 2013/09/09  (rcs-revision 1.9)
\pgfsyssoftpath@smallbuffer@items=\count110
\pgfsyssoftpath@bigbuffer@items=\count111
)
(C:\Users\mbeck\AppData\Roaming\MiKTeX\2.9\tex\generic\pgf\systemlayer\pgfsyspr
otocol.code.tex
File: pgfsysprotocol.code.tex 2006/10/16  (rcs-revision 1.4)
))
(C:\Users\mbeck\AppData\Roaming\MiKTeX\2.9\tex\latex\xcolor\xcolor.sty
Package: xcolor 2007/01/21 v2.11 LaTeX color extensions (UK)

("C:\Program Files\MiKTeX 2.9\tex\latex\00miktex\color.cfg"
File: color.cfg 2007/01/18 v1.5 color configuration of teTeX/TeXLive
)
Package xcolor Info: Driver file: pdftex.def on input line 225.
Package xcolor Info: Model `cmy' substituted by `cmy0' on input line 1337.
Package xcolor Info: Model `hsb' substituted by `rgb' on input line 1341.
Package xcolor Info: Model `RGB' extended on input line 1353.
Package xcolor Info: Model `HTML' substituted by `rgb' on input line 1355.
Package xcolor Info: Model `Hsb' substituted by `hsb' on input line 1356.
Package xcolor Info: Model `tHsb' substituted by `hsb' on input line 1357.
Package xcolor Info: Model `HSB' substituted by `hsb' on input line 1358.
Package xcolor Info: Model `Gray' substituted by `gray' on input line 1359.
Package xcolor Info: Model `wave' substituted by `hsb' on input line 1360.
)
(C:\Users\mbeck\AppData\Roaming\MiKTeX\2.9\tex\generic\pgf\basiclayer\pgfcore.c
ode.tex
Package: pgfcore 2010/04/11 v3.0.1a (rcs-revision 1.7)

(C:\Users\mbeck\AppData\Roaming\MiKTeX\2.9\tex\generic\pgf\math\pgfmath.code.te
x
(C:\Users\mbeck\AppData\Roaming\MiKTeX\2.9\tex\generic\pgf\math\pgfmathcalc.cod
e.tex
(C:\Users\mbeck\AppData\Roaming\MiKTeX\2.9\tex\generic\pgf\math\pgfmathutil.cod
e.tex)
(C:\Users\mbeck\AppData\Roaming\MiKTeX\2.9\tex\generic\pgf\math\pgfmathparser.c
ode.tex
\pgfmath@dimen=\dimen139
\pgfmath@count=\count112
\pgfmath@box=\box35
\pgfmath@toks=\toks23
\pgfmath@stack@operand=\toks24
\pgfmath@stack@operation=\toks25
)
(C:\Users\mbeck\AppData\Roaming\MiKTeX\2.9\tex\generic\pgf\math\pgfmathfunction
s.code.tex
(C:\Users\mbeck\AppData\Roaming\MiKTeX\2.9\tex\generic\pgf\math\pgfmathfunction
s.basic.code.tex)
(C:\Users\mbeck\AppData\Roaming\MiKTeX\2.9\tex\generic\pgf\math\pgfmathfunction
s.trigonometric.code.tex)
(C:\Users\mbeck\AppData\Roaming\MiKTeX\2.9\tex\generic\pgf\math\pgfmathfunction
s.random.code.tex)
(C:\Users\mbeck\AppData\Roaming\MiKTeX\2.9\tex\generic\pgf\math\pgfmathfunction
s.comparison.code.tex)
(C:\Users\mbeck\AppData\Roaming\MiKTeX\2.9\tex\generic\pgf\math\pgfmathfunction
s.base.code.tex)
(C:\Users\mbeck\AppData\Roaming\MiKTeX\2.9\tex\generic\pgf\math\pgfmathfunction
s.round.code.tex)
(C:\Users\mbeck\AppData\Roaming\MiKTeX\2.9\tex\generic\pgf\math\pgfmathfunction
s.misc.code.tex)
(C:\Users\mbeck\AppData\Roaming\MiKTeX\2.9\tex\generic\pgf\math\pgfmathfunction
s.integerarithmetics.code.tex)))
(C:\Users\mbeck\AppData\Roaming\MiKTeX\2.9\tex\generic\pgf\math\pgfmathfloat.co
de.tex
\c@pgfmathroundto@lastzeros=\count113
))
(C:\Users\mbeck\AppData\Roaming\MiKTeX\2.9\tex\generic\pgf\basiclayer\pgfcorepo
ints.code.tex
File: pgfcorepoints.code.tex 2013/10/07  (rcs-revision 1.27)
\pgf@picminx=\dimen140
\pgf@picmaxx=\dimen141
\pgf@picminy=\dimen142
\pgf@picmaxy=\dimen143
\pgf@pathminx=\dimen144
\pgf@pathmaxx=\dimen145
\pgf@pathminy=\dimen146
\pgf@pathmaxy=\dimen147
\pgf@xx=\dimen148
\pgf@xy=\dimen149
\pgf@yx=\dimen150
\pgf@yy=\dimen151
\pgf@zx=\dimen152
\pgf@zy=\dimen153
)
(C:\Users\mbeck\AppData\Roaming\MiKTeX\2.9\tex\generic\pgf\basiclayer\pgfcorepa
thconstruct.code.tex
File: pgfcorepathconstruct.code.tex 2013/10/07  (rcs-revision 1.29)
\pgf@path@lastx=\dimen154
\pgf@path@lasty=\dimen155
)
(C:\Users\mbeck\AppData\Roaming\MiKTeX\2.9\tex\generic\pgf\basiclayer\pgfcorepa
thusage.code.tex
File: pgfcorepathusage.code.tex 2014/11/02  (rcs-revision 1.24)
\pgf@shorten@end@additional=\dimen156
\pgf@shorten@start@additional=\dimen157
)
(C:\Users\mbeck\AppData\Roaming\MiKTeX\2.9\tex\generic\pgf\basiclayer\pgfcoresc
opes.code.tex
File: pgfcorescopes.code.tex 2015/05/08  (rcs-revision 1.46)
\pgfpic=\box36
\pgf@hbox=\box37
\pgf@layerbox@main=\box38
\pgf@picture@serial@count=\count114
)
(C:\Users\mbeck\AppData\Roaming\MiKTeX\2.9\tex\generic\pgf\basiclayer\pgfcoregr
aphicstate.code.tex
File: pgfcoregraphicstate.code.tex 2014/11/02  (rcs-revision 1.12)
\pgflinewidth=\dimen158
)
(C:\Users\mbeck\AppData\Roaming\MiKTeX\2.9\tex\generic\pgf\basiclayer\pgfcoretr
ansformations.code.tex
File: pgfcoretransformations.code.tex 2015/08/07  (rcs-revision 1.20)
\pgf@pt@x=\dimen159
\pgf@pt@y=\dimen160
\pgf@pt@temp=\dimen161
)
(C:\Users\mbeck\AppData\Roaming\MiKTeX\2.9\tex\generic\pgf\basiclayer\pgfcorequ
ick.code.tex
File: pgfcorequick.code.tex 2008/10/09  (rcs-revision 1.3)
)
(C:\Users\mbeck\AppData\Roaming\MiKTeX\2.9\tex\generic\pgf\basiclayer\pgfcoreob
jects.code.tex
File: pgfcoreobjects.code.tex 2006/10/11  (rcs-revision 1.2)
)
(C:\Users\mbeck\AppData\Roaming\MiKTeX\2.9\tex\generic\pgf\basiclayer\pgfcorepa
thprocessing.code.tex
File: pgfcorepathprocessing.code.tex 2013/09/09  (rcs-revision 1.9)
)
(C:\Users\mbeck\AppData\Roaming\MiKTeX\2.9\tex\generic\pgf\basiclayer\pgfcorear
rows.code.tex
File: pgfcorearrows.code.tex 2015/05/14  (rcs-revision 1.43)
\pgfarrowsep=\dimen162
)
(C:\Users\mbeck\AppData\Roaming\MiKTeX\2.9\tex\generic\pgf\basiclayer\pgfcoresh
ade.code.tex
File: pgfcoreshade.code.tex 2013/07/15  (rcs-revision 1.15)
\pgf@max=\dimen163
\pgf@sys@shading@range@num=\count115
)
(C:\Users\mbeck\AppData\Roaming\MiKTeX\2.9\tex\generic\pgf\basiclayer\pgfcoreim
age.code.tex
File: pgfcoreimage.code.tex 2013/07/15  (rcs-revision 1.18)

(C:\Users\mbeck\AppData\Roaming\MiKTeX\2.9\tex\generic\pgf\basiclayer\pgfcoreex
ternal.code.tex
File: pgfcoreexternal.code.tex 2014/07/09  (rcs-revision 1.21)
\pgfexternal@startupbox=\box39
))
(C:\Users\mbeck\AppData\Roaming\MiKTeX\2.9\tex\generic\pgf\basiclayer\pgfcorela
yers.code.tex
File: pgfcorelayers.code.tex 2013/07/18  (rcs-revision 1.7)
)
(C:\Users\mbeck\AppData\Roaming\MiKTeX\2.9\tex\generic\pgf\basiclayer\pgfcoretr
ansparency.code.tex
File: pgfcoretransparency.code.tex 2013/09/30  (rcs-revision 1.5)
)
(C:\Users\mbeck\AppData\Roaming\MiKTeX\2.9\tex\generic\pgf\basiclayer\pgfcorepa
tterns.code.tex
File: pgfcorepatterns.code.tex 2013/11/07  (rcs-revision 1.5)
)))
(C:\Users\mbeck\AppData\Roaming\MiKTeX\2.9\tex\latex\pgf\utilities\xxcolor.sty
Package: xxcolor 2003/10/24 ver 0.1
\XC@nummixins=\count116
\XC@countmixins=\count117
) ("C:\Program Files\MiKTeX 2.9\tex\latex\hyperref\hyperref.sty"
Package: hyperref 2012/11/06 v6.83m Hypertext links for LaTeX

("C:\Program Files\MiKTeX 2.9\tex\generic\oberdiek\hobsub-hyperref.sty"
Package: hobsub-hyperref 2012/04/25 v1.12 Bundle oberdiek, subset hyperref (HO)


("C:\Program Files\MiKTeX 2.9\tex\generic\oberdiek\hobsub-generic.sty"
Package: hobsub-generic 2012/04/25 v1.12 Bundle oberdiek, subset generic (HO)
Package: hobsub 2012/04/25 v1.12 Construct package bundles (HO)
Package hobsub Info: Skipping package `infwarerr' (already loaded).
Package hobsub Info: Skipping package `ltxcmds' (already loaded).
Package: ifluatex 2010/03/01 v1.3 Provides the ifluatex switch (HO)
Package ifluatex Info: LuaTeX not detected.
Package hobsub Info: Skipping package `ifvtex' (already loaded).
Package: intcalc 2007/09/27 v1.1 Expandable calculations with integers (HO)
Package hobsub Info: Skipping package `ifpdf' (already loaded).
Package: etexcmds 2011/02/16 v1.5 Avoid name clashes with e-TeX commands (HO)
Package etexcmds Info: Could not find \expanded.
(etexcmds)             That can mean that you are not using pdfTeX 1.50 or
(etexcmds)             that some package has redefined \expanded.
(etexcmds)             In the latter case, load this package earlier.
Package: kvsetkeys 2012/04/25 v1.16 Key value parser (HO)
Package: kvdefinekeys 2011/04/07 v1.3 Define keys (HO)
Package: pdftexcmds 2011/11/29 v0.20 Utility functions of pdfTeX for LuaTeX (HO
)
Package pdftexcmds Info: LuaTeX not detected.
Package pdftexcmds Info: \pdf@primitive is available.
Package pdftexcmds Info: \pdf@ifprimitive is available.
Package pdftexcmds Info: \pdfdraftmode found.
Package: pdfescape 2011/11/25 v1.13 Implements pdfTeX's escape features (HO)
Package: bigintcalc 2012/04/08 v1.3 Expandable calculations on big integers (HO
)
Package: bitset 2011/01/30 v1.1 Handle bit-vector datatype (HO)
Package: uniquecounter 2011/01/30 v1.2 Provide unlimited unique counter (HO)
)
Package hobsub Info: Skipping package `hobsub' (already loaded).
Package: letltxmacro 2010/09/02 v1.4 Let assignment for LaTeX macros (HO)
Package: hopatch 2011/06/24 v1.1 Wrapper for package hooks (HO)
Package: xcolor-patch 2011/01/30 xcolor patch
Package: atveryend 2011/06/30 v1.8 Hooks at the very end of document (HO)
Package atveryend Info: \enddocument detected (standard20110627).
Package: atbegshi 2011/10/05 v1.16 At begin shipout hook (HO)
Package: refcount 2011/10/16 v3.4 Data extraction from label references (HO)
Package: hycolor 2011/01/30 v1.7 Color options for hyperref/bookmark (HO)
)
("C:\Program Files\MiKTeX 2.9\tex\latex\oberdiek\auxhook.sty"
Package: auxhook 2011/03/04 v1.3 Hooks for auxiliary files (HO)
)
("C:\Program Files\MiKTeX 2.9\tex\latex\oberdiek\kvoptions.sty"
Package: kvoptions 2011/06/30 v3.11 Key value format for package options (HO)
)
\@linkdim=\dimen164
\Hy@linkcounter=\count118
\Hy@pagecounter=\count119

("C:\Program Files\MiKTeX 2.9\tex\latex\hyperref\pd1enc.def"
File: pd1enc.def 2012/11/06 v6.83m Hyperref: PDFDocEncoding definition (HO)
)
\Hy@SavedSpaceFactor=\count120

("C:\Program Files\MiKTeX 2.9\tex\latex\00miktex\hyperref.cfg"
File: hyperref.cfg 2002/06/06 v1.2 hyperref configuration of TeXLive
)
Package hyperref Info: Option `bookmarks' set `true' on input line 4319.
Package hyperref Info: Option `bookmarksopen' set `true' on input line 4319.
Package hyperref Info: Option `implicit' set `false' on input line 4319.
Package hyperref Info: Hyper figures OFF on input line 4443.
Package hyperref Info: Link nesting OFF on input line 4448.
Package hyperref Info: Hyper index ON on input line 4451.
Package hyperref Info: Plain pages OFF on input line 4458.
Package hyperref Info: Backreferencing OFF on input line 4463.
Package hyperref Info: Implicit mode OFF; no redefinition of LaTeX internals.
Package hyperref Info: Bookmarks ON on input line 4688.
\c@Hy@tempcnt=\count121

("C:\Program Files\MiKTeX 2.9\tex\latex\ltxmisc\url.sty"
\Urlmuskip=\muskip10
Package: url 2006/04/12  ver 3.3  Verb mode for urls, etc.
)
LaTeX Info: Redefining \url on input line 5041.
\XeTeXLinkMargin=\dimen165
\Fld@menulength=\count122
\Field@Width=\dimen166
\Fld@charsize=\dimen167
Package hyperref Info: Hyper figures OFF on input line 6295.
Package hyperref Info: Link nesting OFF on input line 6300.
Package hyperref Info: Hyper index ON on input line 6303.
Package hyperref Info: backreferencing OFF on input line 6310.
Package hyperref Info: Link coloring OFF on input line 6315.
Package hyperref Info: Link coloring with OCG OFF on input line 6320.
Package hyperref Info: PDF/A mode OFF on input line 6325.
LaTeX Info: Redefining \ref on input line 6365.
LaTeX Info: Redefining \pageref on input line 6369.
\Hy@abspage=\count123


Package hyperref Message: Stopped early.

)

Package hyperref Message: Driver (autodetected): hpdftex.

("C:\Program Files\MiKTeX 2.9\tex\latex\hyperref\hpdftex.def"
File: hpdftex.def 2012/11/06 v6.83m Hyperref driver for pdfTeX
\Fld@listcount=\count124
\c@bookmark@seq@number=\count125

("C:\Program Files\MiKTeX 2.9\tex\latex\oberdiek\rerunfilecheck.sty"
Package: rerunfilecheck 2011/04/15 v1.7 Rerun checks for auxiliary files (HO)
Package uniquecounter Info: New unique counter `rerunfilecheck' on input line 2
82.
))
(C:\Users\mbeck\AppData\Roaming\MiKTeX\2.9\tex\latex\beamer\base\beamerbaserequ
ires.sty
Package: beamerbaserequires 2010/05/01  (rcs-revision efa082c6111d)

(C:\Users\mbeck\AppData\Roaming\MiKTeX\2.9\tex\latex\beamer\base\beamerbasecomp
atibility.sty
Package: beamerbasecompatibility 2012/05/01  (rcs-revision 67c48b3b652d)
)
(C:\Users\mbeck\AppData\Roaming\MiKTeX\2.9\tex\latex\beamer\base\beamerbasefont
.sty
Package: beamerbasefont 2013/06/04  (rcs-revision e18016724886)
 ("C:\Program Files\MiKTeX 2.9\tex\latex\amsfonts\amssymb.sty"
Package: amssymb 2013/01/14 v3.01 AMS font symbols

("C:\Program Files\MiKTeX 2.9\tex\latex\amsfonts\amsfonts.sty"
Package: amsfonts 2013/01/14 v3.01 Basic AMSFonts support
\@emptytoks=\toks26
\symAMSa=\mathgroup4
\symAMSb=\mathgroup5
LaTeX Font Info:    Overwriting math alphabet `\mathfrak' in version `bold'
(Font)                  U/euf/m/n --> U/euf/b/n on input line 106.
)))
(C:\Users\mbeck\AppData\Roaming\MiKTeX\2.9\tex\latex\beamer\base\beamerbasetran
slator.sty
Package: beamerbasetranslator 2010/06/11  (rcs-revision 85fd1cc7fc42)

(C:\Users\mbeck\AppData\Roaming\MiKTeX\2.9\tex\latex\beamer\base\translator\tra
nslator.sty
Package: translator 2010/06/12 ver 1.10

(C:\Users\mbeck\AppData\Roaming\MiKTeX\2.9\tex\latex\beamer\base\translator\tra
nslator-language-mappings.tex)))
(C:\Users\mbeck\AppData\Roaming\MiKTeX\2.9\tex\latex\beamer\base\beamerbasemisc
.sty
Package: beamerbasemisc 2012/02/24  (rcs-revision 2ff5461be705)
)
(C:\Users\mbeck\AppData\Roaming\MiKTeX\2.9\tex\latex\beamer\base\beamerbasetwos
creens.sty
Package: beamerbasetwoscreens 2010/05/01  (rcs-revision efa082c6111d)
)
(C:\Users\mbeck\AppData\Roaming\MiKTeX\2.9\tex\latex\beamer\base\beamerbaseover
lay.sty
Package: beamerbaseoverlay 2012/11/11  (rcs-revision 6afbc49b1109)
\beamer@argscount=\count126
\beamer@lastskipcover=\skip44
\beamer@trivlistdepth=\count127
)
(C:\Users\mbeck\AppData\Roaming\MiKTeX\2.9\tex\latex\beamer\base\beamerbasetitl
e.sty
Package: beamerbasetitle 2010/09/21  (rcs-revision f0446ed0b6ae)
)
(C:\Users\mbeck\AppData\Roaming\MiKTeX\2.9\tex\latex\beamer\base\beamerbasesect
ion.sty
Package: beamerbasesection 2013/06/07  (rcs-revision 60b9fe0f342f)
\c@lecture=\count128
\c@part=\count129
\c@section=\count130
\c@subsection=\count131
\c@subsubsection=\count132
)
(C:\Users\mbeck\AppData\Roaming\MiKTeX\2.9\tex\latex\beamer\base\beamerbasefram
e.sty
Package: beamerbaseframe 2013/03/31  (rcs-revision edcfd2d0f22d)
\beamer@framebox=\box40
\beamer@frametitlebox=\box41
\beamer@zoombox=\box42
\beamer@zoomcount=\count133
\beamer@zoomframecount=\count134
\beamer@frametextheight=\dimen168
\c@subsectionslide=\count135
\beamer@frametopskip=\skip45
\beamer@framebottomskip=\skip46
\beamer@frametopskipautobreak=\skip47
\beamer@framebottomskipautobreak=\skip48
\beamer@envbody=\toks27
\framewidth=\dimen169
\c@framenumber=\count136
)
(C:\Users\mbeck\AppData\Roaming\MiKTeX\2.9\tex\latex\beamer\base\beamerbaseverb
atim.sty
Package: beamerbaseverbatim 2012/08/30  (rcs-revision dfdb135076b3)
\beamer@verbatimfileout=\write4
)
(C:\Users\mbeck\AppData\Roaming\MiKTeX\2.9\tex\latex\beamer\base\beamerbasefram
esize.sty
Package: beamerbaseframesize 2011/09/12  (rcs-revision 70f9d8411e54)
\beamer@splitbox=\box43
\beamer@autobreakcount=\count137
\beamer@autobreaklastheight=\dimen170
\beamer@frametitletoks=\toks28
\beamer@framesubtitletoks=\toks29
)
(C:\Users\mbeck\AppData\Roaming\MiKTeX\2.9\tex\latex\beamer\base\beamerbasefram
ecomponents.sty
Package: beamerbaseframecomponents 2012/09/13  (rcs-revision dcd846607320)
\beamer@footins=\box44
)
(C:\Users\mbeck\AppData\Roaming\MiKTeX\2.9\tex\latex\beamer\base\beamerbasecolo
r.sty
Package: beamerbasecolor 2010/06/06  (rcs-revision d1a9b48be06d)
)
(C:\Users\mbeck\AppData\Roaming\MiKTeX\2.9\tex\latex\beamer\base\beamerbasenote
s.sty
Package: beamerbasenotes 2012/12/19  (rcs-revision 1686da3db3c9)
\beamer@frameboxcopy=\box45
)
(C:\Users\mbeck\AppData\Roaming\MiKTeX\2.9\tex\latex\beamer\base\beamerbasetoc.
sty
Package: beamerbasetoc 2013/05/23  (rcs-revision 0fdf5bc43be8)
)
(C:\Users\mbeck\AppData\Roaming\MiKTeX\2.9\tex\latex\beamer\base\beamerbasetemp
lates.sty
Package: beamerbasetemplates 2010/05/01  (rcs-revision efa082c6111d)
\beamer@sbttoks=\toks30

(C:\Users\mbeck\AppData\Roaming\MiKTeX\2.9\tex\latex\beamer\base\beamerbaseauxt
emplates.sty
Package: beamerbaseauxtemplates 2013/02/02  (rcs-revision f179744ff1e3)

(C:\Users\mbeck\AppData\Roaming\MiKTeX\2.9\tex\latex\beamer\base\beamerbaseboxe
s.sty
Package: beamerbaseboxes 2012/05/13  (rcs-revision 56972908a390)
\bmb@box=\box46
\bmb@colorbox=\box47
\bmb@boxshadow=\box48
\bmb@boxshadowball=\box49
\bmb@boxshadowballlarge=\box50
\bmb@temp=\dimen171
\bmb@dima=\dimen172
\bmb@dimb=\dimen173
\bmb@prevheight=\dimen174
)
\beamer@blockheadheight=\dimen175
))
(C:\Users\mbeck\AppData\Roaming\MiKTeX\2.9\tex\latex\beamer\base\beamerbaseloca
lstructure.sty
Package: beamerbaselocalstructure 2012/11/13  (rcs-revision ddfba79dac19)
 ("C:\Program Files\MiKTeX 2.9\tex\latex\tools\enumerate.sty"
Package: enumerate 1999/03/05 v3.00 enumerate extensions (DPC)
\@enLab=\toks31
)
\c@figure=\count138
\c@table=\count139
\abovecaptionskip=\skip49
\belowcaptionskip=\skip50
)
(C:\Users\mbeck\AppData\Roaming\MiKTeX\2.9\tex\latex\beamer\base\beamerbasenavi
gation.sty
Package: beamerbasenavigation 2013/04/04  (rcs-revision 905a39e12b38)
\beamer@section@min@dim=\dimen176
)
(C:\Users\mbeck\AppData\Roaming\MiKTeX\2.9\tex\latex\beamer\base\beamerbasetheo
rems.sty
Package: beamerbasetheorems 2010/06/06  (rcs-revision 7e7cc5e53e9d)
 ("C:\Program Files\MiKTeX 2.9\tex\latex\amsmath\amsmath.sty"
Package: amsmath 2013/01/14 v2.14 AMS math features
\@mathmargin=\skip51

For additional information on amsmath, use the `?' option.
("C:\Program Files\MiKTeX 2.9\tex\latex\amsmath\amstext.sty"
Package: amstext 2000/06/29 v2.01

("C:\Program Files\MiKTeX 2.9\tex\latex\amsmath\amsgen.sty"
File: amsgen.sty 1999/11/30 v2.0
\@emptytoks=\toks32
\ex@=\dimen177
))
("C:\Program Files\MiKTeX 2.9\tex\latex\amsmath\amsbsy.sty"
Package: amsbsy 1999/11/29 v1.2d
\pmbraise@=\dimen178
)
("C:\Program Files\MiKTeX 2.9\tex\latex\amsmath\amsopn.sty"
Package: amsopn 1999/12/14 v2.01 operator names
)
\inf@bad=\count140
LaTeX Info: Redefining \frac on input line 210.
\uproot@=\count141
\leftroot@=\count142
LaTeX Info: Redefining \overline on input line 306.
\classnum@=\count143
\DOTSCASE@=\count144
LaTeX Info: Redefining \ldots on input line 378.
LaTeX Info: Redefining \dots on input line 381.
LaTeX Info: Redefining \cdots on input line 466.
\Mathstrutbox@=\box51
\strutbox@=\box52
\big@size=\dimen179
LaTeX Font Info:    Redeclaring font encoding OML on input line 566.
LaTeX Font Info:    Redeclaring font encoding OMS on input line 567.
\macc@depth=\count145
\c@MaxMatrixCols=\count146
\dotsspace@=\muskip11
\c@parentequation=\count147
\dspbrk@lvl=\count148
\tag@help=\toks33
\row@=\count149
\column@=\count150
\maxfields@=\count151
\andhelp@=\toks34
\eqnshift@=\dimen180
\alignsep@=\dimen181
\tagshift@=\dimen182
\tagwidth@=\dimen183
\totwidth@=\dimen184
\lineht@=\dimen185
\@envbody=\toks35
\multlinegap=\skip52
\multlinetaggap=\skip53
\mathdisplay@stack=\toks36
LaTeX Info: Redefining \[ on input line 2665.
LaTeX Info: Redefining \] on input line 2666.
)
("C:\Program Files\MiKTeX 2.9\tex\latex\amscls\amsthm.sty"
Package: amsthm 2004/08/06 v2.20
\thm@style=\toks37
\thm@bodyfont=\toks38
\thm@headfont=\toks39
\thm@notefont=\toks40
\thm@headpunct=\toks41
\thm@preskip=\skip54
\thm@postskip=\skip55
\thm@headsep=\skip56
\dth@everypar=\toks42
)
\c@theorem=\count152
)
(C:\Users\mbeck\AppData\Roaming\MiKTeX\2.9\tex\latex\beamer\base\beamerbasethem
es.sty
Package: beamerbasethemes 2010/05/01  (rcs-revision efa082c6111d)
))
(C:\Users\mbeck\AppData\Roaming\MiKTeX\2.9\tex\latex\beamer\base\themes\theme\b
eamerthemedefault.sty
Package: beamerthemedefault 2010/06/17  (rcs-revision d02a7cf4d8ae)

(C:\Users\mbeck\AppData\Roaming\MiKTeX\2.9\tex\latex\beamer\base\themes\font\be
amerfontthemedefault.sty
Package: beamerfontthemedefault 2012/12/19  (rcs-revision 1686da3db3c9)
)
(C:\Users\mbeck\AppData\Roaming\MiKTeX\2.9\tex\latex\beamer\base\themes\color\b
eamercolorthemedefault.sty
Package: beamercolorthemedefault 2012/12/19  (rcs-revision 1686da3db3c9)
)
(C:\Users\mbeck\AppData\Roaming\MiKTeX\2.9\tex\latex\beamer\base\themes\inner\b
eamerinnerthemedefault.sty
Package: beamerinnerthemedefault 2012/05/01  (rcs-revision 67c48b3b652d)
\beamer@dima=\dimen186
\beamer@dimb=\dimen187
)
(C:\Users\mbeck\AppData\Roaming\MiKTeX\2.9\tex\latex\beamer\base\themes\outer\b
eamerouterthemedefault.sty
Package: beamerouterthemedefault 2012/12/19  (rcs-revision 1686da3db3c9)
)))
(C:\Users\mbeck\AppData\Roaming\MiKTeX\2.9\tex\latex\framed\framed.sty
Package: framed 2011/10/22 v 0.96: framed or shaded text with page breaks
\OuterFrameSep=\skip57
\fb@frw=\dimen188
\fb@frh=\dimen189
\FrameRule=\dimen190
\FrameSep=\dimen191
)
("C:\Program Files\MiKTeX 2.9\tex\latex\base\alltt.sty"
Package: alltt 1997/06/16 v2.0g defines alltt environment
)
(M:\presentations\shiny_pres\beamerthemeEPA.sty
(M:\presentations\shiny_pres\beamerfontthemeEPA.sty
Package: beamerfontthemeEPA 2012/12/19  (rcs-revision 1686da3db3c9)
)
(M:\presentations\shiny_pres\beamercolorthemeEPA.sty
Package: beamercolorthemeEPA 2010/06/17  (rcs-revision d02a7cf4d8ae)
)
(M:\presentations\shiny_pres\beamerinnerthemeEPA.sty
Package: beamerinnerthemeEPA 2013/10/15  (rcs-revision 65cb471f9634)

(C:\Users\mbeck\AppData\Roaming\MiKTeX\2.9\tex\latex\pgf\frontendlayer\tikz.sty
(C:\Users\mbeck\AppData\Roaming\MiKTeX\2.9\tex\latex\pgf\basiclayer\pgf.sty
Package: pgf 2015/08/07 v3.0.1a (rcs-revision 1.15)

(C:\Users\mbeck\AppData\Roaming\MiKTeX\2.9\tex\generic\pgf\modules\pgfmodulesha
pes.code.tex
File: pgfmoduleshapes.code.tex 2014/03/21  (rcs-revision 1.35)
\pgfnodeparttextbox=\box53
)
(C:\Users\mbeck\AppData\Roaming\MiKTeX\2.9\tex\generic\pgf\modules\pgfmoduleplo
t.code.tex
File: pgfmoduleplot.code.tex 2015/08/03  (rcs-revision 1.13)
)
(C:\Users\mbeck\AppData\Roaming\MiKTeX\2.9\tex\latex\pgf\compatibility\pgfcomp-
version-0-65.sty
Package: pgfcomp-version-0-65 2007/07/03 v3.0.1a (rcs-revision 1.7)
\pgf@nodesepstart=\dimen192
\pgf@nodesepend=\dimen193
)
(C:\Users\mbeck\AppData\Roaming\MiKTeX\2.9\tex\latex\pgf\compatibility\pgfcomp-
version-1-18.sty
Package: pgfcomp-version-1-18 2007/07/23 v3.0.1a (rcs-revision 1.1)
))
(C:\Users\mbeck\AppData\Roaming\MiKTeX\2.9\tex\latex\pgf\utilities\pgffor.sty
(C:\Users\mbeck\AppData\Roaming\MiKTeX\2.9\tex\latex\pgf\utilities\pgfkeys.sty
(C:\Users\mbeck\AppData\Roaming\MiKTeX\2.9\tex\generic\pgf\utilities\pgfkeys.co
de.tex))
(C:\Users\mbeck\AppData\Roaming\MiKTeX\2.9\tex\latex\pgf\math\pgfmath.sty
(C:\Users\mbeck\AppData\Roaming\MiKTeX\2.9\tex\generic\pgf\math\pgfmath.code.te
x))
(C:\Users\mbeck\AppData\Roaming\MiKTeX\2.9\tex\generic\pgf\utilities\pgffor.cod
e.tex
Package: pgffor 2013/12/13 v3.0.1a (rcs-revision 1.25)

(C:\Users\mbeck\AppData\Roaming\MiKTeX\2.9\tex\generic\pgf\math\pgfmath.code.te
x)
\pgffor@iter=\dimen194
\pgffor@skip=\dimen195
\pgffor@stack=\toks43
\pgffor@toks=\toks44
))
(C:\Users\mbeck\AppData\Roaming\MiKTeX\2.9\tex\generic\pgf\frontendlayer\tikz\t
ikz.code.tex
Package: tikz 2015/08/07 v3.0.1a (rcs-revision 1.151)

(C:\Users\mbeck\AppData\Roaming\MiKTeX\2.9\tex\generic\pgf\libraries\pgflibrary
plothandlers.code.tex
File: pgflibraryplothandlers.code.tex 2013/08/31 v3.0.1a (rcs-revision 1.20)
\pgf@plot@mark@count=\count153
\pgfplotmarksize=\dimen196
)
\tikz@lastx=\dimen197
\tikz@lasty=\dimen198
\tikz@lastxsaved=\dimen199
\tikz@lastysaved=\dimen200
\tikzleveldistance=\dimen201
\tikzsiblingdistance=\dimen202
\tikz@figbox=\box54
\tikz@figbox@bg=\box55
\tikz@tempbox=\box56
\tikz@tempbox@bg=\box57
\tikztreelevel=\count154
\tikznumberofchildren=\count155
\tikznumberofcurrentchild=\count156
\tikz@fig@count=\count157

(C:\Users\mbeck\AppData\Roaming\MiKTeX\2.9\tex\generic\pgf\modules\pgfmodulemat
rix.code.tex
File: pgfmodulematrix.code.tex 2013/09/17  (rcs-revision 1.8)
\pgfmatrixcurrentrow=\count158
\pgfmatrixcurrentcolumn=\count159
\pgf@matrix@numberofcolumns=\count160
)
\tikz@expandcount=\count161

(C:\Users\mbeck\AppData\Roaming\MiKTeX\2.9\tex\generic\pgf\frontendlayer\tikz\l
ibraries\tikzlibrarytopaths.code.tex
File: tikzlibrarytopaths.code.tex 2008/06/17 v3.0.1a (rcs-revision 1.2)
)))
(C:\Users\mbeck\AppData\Roaming\MiKTeX\2.9\tex\generic\pgf\frontendlayer\tikz\l
ibraries\tikzlibrarycalc.code.tex
File: tikzlibrarycalc.code.tex 2013/07/15 v3.0.1a (rcs-revision 1.9)
)
(C:\Users\mbeck\AppData\Roaming\MiKTeX\2.9\tex\generic\pgf\frontendlayer\tikz\l
ibraries\tikzlibraryfadings.code.tex
File: tikzlibraryfadings.code.tex 2009/11/15 v3.0.1a (rcs-revision 1.2)

(C:\Users\mbeck\AppData\Roaming\MiKTeX\2.9\tex\generic\pgf\libraries\pgflibrary
fadings.code.tex
File: pgflibraryfadings.code.tex 2008/02/07 v3.0.1a (rcs-revision 1.3)
))) (M:\presentations\shiny_pres\beamerouterthemeEPA.sty
Package: beamerouterthemeEPA 2012/10/16  (rcs-revision 51a8c72084af)
)
(C:\Users\mbeck\AppData\Roaming\MiKTeX\2.9\tex\generic\pgf\frontendlayer\tikz\l
ibraries\tikzlibraryshadows.code.tex
File: tikzlibraryshadows.code.tex 2008/01/13 v3.0.1a (rcs-revision 1.3)
)
(C:\Users\mbeck\AppData\Roaming\MiKTeX\2.9\tex\generic\pgf\frontendlayer\tikz\l
ibraries\tikzlibraryshapes.geometric.code.tex
File: tikzlibraryshapes.geometric.code.tex 2008/01/09 v3.0.1a (rcs-revision 1.1
)

(C:\Users\mbeck\AppData\Roaming\MiKTeX\2.9\tex\generic\pgf\libraries\shapes\pgf
libraryshapes.geometric.code.tex
File: pgflibraryshapes.geometric.code.tex 2008/06/26 v3.0.1a (rcs-revision 1.1)

))
(C:\Users\mbeck\AppData\Roaming\MiKTeX\2.9\tex\latex\tcolorbox\tcolorbox.sty
Package: tcolorbox 2015/11/27 version 3.80 text color boxes

("C:\Program Files\MiKTeX 2.9\tex\latex\tools\verbatim.sty"
Package: verbatim 2003/08/22 v1.5q LaTeX2e package for verbatim enhancements
\every@verbatim=\toks45
\verbatim@line=\toks46
\verbatim@in@stream=\read2
)
(C:\Users\mbeck\AppData\Roaming\MiKTeX\2.9\tex\latex\environ\environ.sty
Package: environ 2014/05/04 v0.3 A new way to define environments

(C:\Users\mbeck\AppData\Roaming\MiKTeX\2.9\tex\latex\trimspaces\trimspaces.sty
Package: trimspaces 2009/09/17 v1.1 Trim spaces around a token list
)) (C:\Users\mbeck\AppData\Roaming\MiKTeX\2.9\tex\latex\etoolbox\etoolbox.sty
Package: etoolbox 2011/01/03 v2.1 e-TeX tools for LaTeX

("C:\Program Files\MiKTeX 2.9\tex\latex\misc\etex.sty"
Package: etex 1998/03/26 v2.0 eTeX basic definition package (PEB)
\et@xins=\count162
)
\etb@tempcnta=\count163
)
\tcb@titlebox=\box58
\tcb@upperbox=\box59
\tcb@lowerbox=\box60
\tcb@phantombox=\box61
\c@tcbbreakpart=\count164
\c@tcblayer=\count165
\tcolorbox@number=\count166
\tcb@temp=\box62
\tcb@temp=\box63
\tcb@temp=\box64
\tcb@temp=\box65
\tcb@out=\write5
\tcb@record@out=\write6

(C:\Users\mbeck\AppData\Roaming\MiKTeX\2.9\tex\latex\tcolorbox\tcbskins.code.te
x
Library (tcolorbox): 'tcbskins.code.tex' version '3.80'
\tcb@waterbox=\box66

(C:\Users\mbeck\AppData\Roaming\MiKTeX\2.9\tex\latex\tcolorbox\tcbskinsjigsaw.c
ode.tex
Library (tcolorbox): 'tcbskinsjigsaw.code.tex' version '3.80'
))))
(C:\Users\mbeck\AppData\Roaming\MiKTeX\2.9\tex\generic\pgf\frontendlayer\tikz\l
ibraries\tikzlibraryarrows.code.tex
File: tikzlibraryarrows.code.tex 2008/01/09 v3.0.1a (rcs-revision 1.1)

(C:\Users\mbeck\AppData\Roaming\MiKTeX\2.9\tex\generic\pgf\libraries\pgflibrary
arrows.code.tex
File: pgflibraryarrows.code.tex 2013/09/23 v3.0.1a (rcs-revision 1.16)
\arrowsize=\dimen203
))
(C:\Users\mbeck\AppData\Roaming\MiKTeX\2.9\tex\generic\pgf\frontendlayer\tikz\l
ibraries\tikzlibrarypositioning.code.tex
File: tikzlibrarypositioning.code.tex 2008/10/06 v3.0.1a (rcs-revision 1.7)
)
(C:\Users\mbeck\AppData\Roaming\MiKTeX\2.9\tex\latex\upquote\upquote.sty
Package: upquote 2012/04/19 v1.3 upright-quote and grave-accent glyphs in verba
tim
)
(M:\presentations\shiny_pres\shiny_pres.aux)
LaTeX Font Info:    Checking defaults for OML/cmm/m/it on input line 65.
LaTeX Font Info:    ... okay on input line 65.
LaTeX Font Info:    Checking defaults for T1/cmr/m/n on input line 65.
LaTeX Font Info:    ... okay on input line 65.
LaTeX Font Info:    Checking defaults for OT1/cmr/m/n on input line 65.
LaTeX Font Info:    ... okay on input line 65.
LaTeX Font Info:    Checking defaults for OMS/cmsy/m/n on input line 65.
LaTeX Font Info:    ... okay on input line 65.
LaTeX Font Info:    Checking defaults for OMX/cmex/m/n on input line 65.
LaTeX Font Info:    ... okay on input line 65.
LaTeX Font Info:    Checking defaults for U/cmr/m/n on input line 65.
LaTeX Font Info:    ... okay on input line 65.
LaTeX Font Info:    Checking defaults for PD1/pdf/m/n on input line 65.
LaTeX Font Info:    ... okay on input line 65.

*geometry* driver: auto-detecting
*geometry* detected driver: pdftex
*geometry* verbose mode - [ preamble ] result:
* driver: pdftex
* paper: custom
* layout: <same size as paper>
* layoutoffset:(h,v)=(0.0pt,0.0pt)
* modes: includehead includefoot 
* h-part:(L,W,R)=(28.45274pt, 307.28987pt, 28.45274pt)
* v-part:(T,H,B)=(0.0pt, 273.14662pt, 0.0pt)
* \paperwidth=364.19536pt
* \paperheight=273.14662pt
* \textwidth=307.28987pt
* \textheight=244.6939pt
* \oddsidemargin=-43.81725pt
* \evensidemargin=-43.81725pt
* \topmargin=-72.26999pt
* \headheight=14.22636pt
* \headsep=0.0pt
* \topskip=11.0pt
* \footskip=14.22636pt
* \marginparwidth=4.0pt
* \marginparsep=10.0pt
* \columnsep=10.0pt
* \skip\footins=10.0pt plus 4.0pt minus 2.0pt
* \hoffset=0.0pt
* \voffset=0.0pt
* \mag=1000
* \@twocolumnfalse
* \@twosidefalse
* \@mparswitchfalse
* \@reversemarginfalse
* (1in=72.27pt=25.4mm, 1cm=28.453pt)

(C:\Users\mbeck\AppData\Roaming\MiKTeX\2.9\tex\context\base\supp-pdf.mkii
[Loading MPS to PDF converter (version 2006.09.02).]
\scratchcounter=\count167
\scratchdimen=\dimen204
\scratchbox=\box67
\nofMPsegments=\count168
\nofMParguments=\count169
\everyMPshowfont=\toks47
\MPscratchCnt=\count170
\MPscratchDim=\dimen205
\MPnumerator=\count171
\makeMPintoPDFobject=\count172
\everyMPtoPDFconversion=\toks48
) ABD: EveryShipout initializing macros
\AtBeginShipoutBox=\box68
Package hyperref Info: Link coloring OFF on input line 65.

("C:\Program Files\MiKTeX 2.9\tex\latex\hyperref\nameref.sty"
Package: nameref 2012/10/27 v2.43 Cross-referencing by name of section

("C:\Program Files\MiKTeX 2.9\tex\generic\oberdiek\gettitlestring.sty"
Package: gettitlestring 2010/12/03 v1.4 Cleanup title references (HO)
)
\c@section@level=\count173
)
LaTeX Info: Redefining \ref on input line 65.
LaTeX Info: Redefining \pageref on input line 65.
LaTeX Info: Redefining \nameref on input line 65.

(M:\presentations\shiny_pres\shiny_pres.out)
(M:\presentations\shiny_pres\shiny_pres.out)
\@outlinefile=\write7

(C:\Users\mbeck\AppData\Roaming\MiKTeX\2.9\tex\latex\beamer\base\translator\dic
ts\translator-basic-dictionary\translator-basic-dictionary-English.dict
Dictionary: translator-basic-dictionary, Language: English 
)
(C:\Users\mbeck\AppData\Roaming\MiKTeX\2.9\tex\latex\beamer\base\translator\dic
ts\translator-bibliography-dictionary\translator-bibliography-dictionary-Englis
h.dict
Dictionary: translator-bibliography-dictionary, Language: English 
)
(C:\Users\mbeck\AppData\Roaming\MiKTeX\2.9\tex\latex\beamer\base\translator\dic
ts\translator-environment-dictionary\translator-environment-dictionary-English.
dict
Dictionary: translator-environment-dictionary, Language: English 
)
(C:\Users\mbeck\AppData\Roaming\MiKTeX\2.9\tex\latex\beamer\base\translator\dic
ts\translator-months-dictionary\translator-months-dictionary-English.dict
Dictionary: translator-months-dictionary, Language: English 
)
(C:\Users\mbeck\AppData\Roaming\MiKTeX\2.9\tex\latex\beamer\base\translator\dic
ts\translator-numbers-dictionary\translator-numbers-dictionary-English.dict
Dictionary: translator-numbers-dictionary, Language: English 
)
(C:\Users\mbeck\AppData\Roaming\MiKTeX\2.9\tex\latex\beamer\base\translator\dic
ts\translator-theorem-dictionary\translator-theorem-dictionary-English.dict
Dictionary: translator-theorem-dictionary, Language: English 
)
LaTeX Info: Redefining \includegraphics on input line 65.

(M:\presentations\shiny_pres\shiny_pres.nav)

Package hyperref Warning: Option `pdfauthor' has already been used,
(hyperref)                setting the option has no effect on input line 68.

Missing character: There is no c in font nullfont!
Missing character: There is no o in font nullfont!
Missing character: There is no d in font nullfont!
Missing character: There is no e in font nullfont!
Missing character: There is no = in font nullfont!
<EPA_logo_green.png, id=44, 645.73245pt x 198.38115pt>
File: EPA_logo_green.png Graphic file (type png)

<use EPA_logo_green.png>
Package pdftex.def Info: EPA_logo_green.png used on input line 77.
(pdftex.def)             Requested size: 54.62708pt x 16.78195pt.
LaTeX Font Info:    Try loading font information for U+msa on input line 77.

("C:\Program Files\MiKTeX 2.9\tex\latex\amsfonts\umsa.fd"
File: umsa.fd 2013/01/14 v3.01 AMS symbols A
)
LaTeX Font Info:    Try loading font information for U+msb on input line 77.

("C:\Program Files\MiKTeX 2.9\tex\latex\amsfonts\umsb.fd"
File: umsb.fd 2013/01/14 v3.01 AMS symbols B
)

LaTeX Font Warning: Font shape `OT1/cmr/m/n' in size <4> not available
(Font)              size <5> substituted on input line 77.

[1

{C:/Users/mbeck/AppData/Local/MiKTeX/2.9/pdftex/config/pdftex.map} <M:/presenta
tions/shiny_pres/EPA_logo_green.png>]
LaTeX Font Info:    Try loading font information for OMS+cmr on input line 87.

("C:\Program Files\MiKTeX 2.9\tex\latex\base\omscmr.fd"
File: omscmr.fd 1999/05/25 v2.5h Standard LaTeX font definitions
)
LaTeX Font Info:    Font shape `OMS/cmr/m/n' in size <10> not available
(Font)              Font shape `OMS/cmsy/m/n' tried instead on input line 87.
Missing character: There is no c in font nullfont!
Missing character: There is no o in font nullfont!
Missing character: There is no d in font nullfont!
Missing character: There is no e in font nullfont!
Missing character: There is no = in font nullfont!
File: EPA_logo_green.png Graphic file (type png)

<use EPA_logo_green.png>
Package pdftex.def Info: EPA_logo_green.png used on input line 87.
(pdftex.def)             Requested size: 54.62708pt x 16.78195pt.
Missing character: There is no c in font nullfont!
Missing character: There is no o in font nullfont!
Missing character: There is no d in font nullfont!
Missing character: There is no e in font nullfont!
Missing character: There is no = in font nullfont!
 [2

]
Missing character: There is no c in font nullfont!
Missing character: There is no o in font nullfont!
Missing character: There is no d in font nullfont!
Missing character: There is no e in font nullfont!
Missing character: There is no = in font nullfont!
File: EPA_logo_green.png Graphic file (type png)
 <use EPA_logo_green.png>
Package pdftex.def Info: EPA_logo_green.png used on input line 105.
(pdftex.def)             Requested size: 54.62708pt x 16.78195pt.
Missing character: There is no c in font nullfont!
Missing character: There is no o in font nullfont!
Missing character: There is no d in font nullfont!
Missing character: There is no e in font nullfont!
Missing character: There is no = in font nullfont!
 [3

]
<fig/Rlogo.png, id=101, 87.2058pt x 66.2475pt>
File: fig/Rlogo.png Graphic file (type png)
 <use fig/Rlogo.png>
Package pdftex.def Info: fig/Rlogo.png used on input line 125.
(pdftex.def)             Requested size: 76.82246pt x 58.36064pt.

<fig/RStudio.png, id=102, 2007.5pt x 704.6325pt>
File: fig/RStudio.png Graphic file (type png)
 <use fig/RStudio.png>
Package pdftex.def Info: fig/RStudio.png used on input line 125.
(pdftex.def)             Requested size: 76.82246pt x 26.95479pt.

<fig/knit-logo.png, id=103, 240.9pt x 165.61874pt>
File: fig/knit-logo.png Graphic file (type png)
 <use fig/knit-logo.png>
Package pdftex.def Info: fig/knit-logo.png used on input line 125.
(pdftex.def)             Requested size: 76.82246pt x 52.81459pt.

<fig/octocat.png, id=104, 123.3408pt x 123.3408pt>
File: fig/octocat.png Graphic file (type png)
 <use fig/octocat.png>
Package pdftex.def Info: fig/octocat.png used on input line 125.
(pdftex.def)             Requested size: 76.82246pt x 76.82431pt.
Missing character: There is no c in font nullfont!
Missing character: There is no o in font nullfont!
Missing character: There is no d in font nullfont!
Missing character: There is no e in font nullfont!
Missing character: There is no = in font nullfont!
File: EPA_logo_green.png Graphic file (type png)

<use EPA_logo_green.png>
Package pdftex.def Info: EPA_logo_green.png used on input line 125.
(pdftex.def)             Requested size: 54.62708pt x 16.78195pt.
Missing character: There is no c in font nullfont!
Missing character: There is no o in font nullfont!
Missing character: There is no d in font nullfont!
Missing character: There is no e in font nullfont!
Missing character: There is no = in font nullfont!
 [4

 <M:/presentations/shiny_pres/fig/Rlogo.png> <M:/presentations/shiny_pres/fig/R
Studio.png> <M:/presentations/shiny_pres/fig/knit-logo.png> <M:/presentations/s
hiny_pres/fig/octocat.png>]
File: fig/Rlogo.png Graphic file (type png)
 <use fig/Rlogo.png>
Package pdftex.def Info: fig/Rlogo.png used on input line 146.
(pdftex.def)             Requested size: 70.67535pt x 53.69049pt.
File: fig/RStudio.png Graphic file (type png)

<use fig/RStudio.png>
Package pdftex.def Info: fig/RStudio.png used on input line 146.
(pdftex.def)             Requested size: 70.67535pt x 24.80443pt.
File: fig/knit-logo.png Graphic file (type png)
 <use fig/knit-logo.png>
Package pdftex.def Info: fig/knit-logo.png used on input line 146.
(pdftex.def)             Requested size: 70.67535pt x 48.58922pt.
File: fig/octocat.png Graphic file (type png)
 <use fig/octocat.png>
Package pdftex.def Info: fig/octocat.png used on input line 146.
(pdftex.def)             Requested size: 70.67535pt x 70.67761pt.
Missing character: There is no c in font nullfont!
Missing character: There is no o in font nullfont!
Missing character: There is no d in font nullfont!
Missing character: There is no e in font nullfont!
Missing character: There is no = in font nullfont!
File: EPA_logo_green.png Graphic file (type png)

<use EPA_logo_green.png>
Package pdftex.def Info: EPA_logo_green.png used on input line 146.
(pdftex.def)             Requested size: 54.62708pt x 16.78195pt.
Missing character: There is no c in font nullfont!
Missing character: There is no o in font nullfont!
Missing character: There is no d in font nullfont!
Missing character: There is no e in font nullfont!
Missing character: There is no = in font nullfont!
 [5

]
<fig/shiny_logo.png, id=137, 180.675pt x 180.675pt>
File: fig/shiny_logo.png Graphic file (type png)
 <use fig/shiny_logo.png>
Package pdftex.def Info: fig/shiny_logo.png used on input line 167.
(pdftex.def)             Requested size: 61.45703pt x 61.45624pt.
Missing character: There is no c in font nullfont!
Missing character: There is no o in font nullfont!
Missing character: There is no d in font nullfont!
Missing character: There is no e in font nullfont!
Missing character: There is no = in font nullfont!
File: EPA_logo_green.png Graphic file (type png)

<use EPA_logo_green.png>
Package pdftex.def Info: EPA_logo_green.png used on input line 167.
(pdftex.def)             Requested size: 54.62708pt x 16.78195pt.
Missing character: There is no c in font nullfont!
Missing character: There is no o in font nullfont!
Missing character: There is no d in font nullfont!
Missing character: There is no e in font nullfont!
Missing character: There is no = in font nullfont!
 [6

 <M:/presentations/shiny_pres/fig/shiny_logo.png>]
<fig/mwe1.png, id=153, 401.24907pt x 283.81032pt>
File: fig/mwe1.png Graphic file (type png)
 <use fig/mwe1.png>
Package pdftex.def Info: fig/mwe1.png used on input line 178.
(pdftex.def)             Requested size: 215.10196pt x 152.14665pt.
Missing character: There is no c in font nullfont!
Missing character: There is no o in font nullfont!
Missing character: There is no d in font nullfont!
Missing character: There is no e in font nullfont!
Missing character: There is no = in font nullfont!
File: EPA_logo_green.png Graphic file (type png)

<use EPA_logo_green.png>
Package pdftex.def Info: EPA_logo_green.png used on input line 178.
(pdftex.def)             Requested size: 54.62708pt x 16.78195pt.
Missing character: There is no c in font nullfont!
Missing character: There is no o in font nullfont!
Missing character: There is no d in font nullfont!
Missing character: There is no e in font nullfont!
Missing character: There is no = in font nullfont!
 [7

 <M:/presentations/shiny_pres/fig/mwe1.png>]
<fig/mwe2.png, id=169, 402.75468pt x 283.81032pt>
File: fig/mwe2.png Graphic file (type png)
 <use fig/mwe2.png>
Package pdftex.def Info: fig/mwe2.png used on input line 178.
(pdftex.def)             Requested size: 215.10196pt x 151.57501pt.
Missing character: There is no c in font nullfont!
Missing character: There is no o in font nullfont!
Missing character: There is no d in font nullfont!
Missing character: There is no e in font nullfont!
Missing character: There is no = in font nullfont!
File: EPA_logo_green.png Graphic file (type png)

<use EPA_logo_green.png>
Package pdftex.def Info: EPA_logo_green.png used on input line 178.
(pdftex.def)             Requested size: 54.62708pt x 16.78195pt.
Missing character: There is no c in font nullfont!
Missing character: There is no o in font nullfont!
Missing character: There is no d in font nullfont!
Missing character: There is no e in font nullfont!
Missing character: There is no = in font nullfont!
 [8

 <M:/presentations/shiny_pres/fig/mwe2.png>]
<fig/mwe3.png, id=184, 401.24907pt x 283.81032pt>
File: fig/mwe3.png Graphic file (type png)
 <use fig/mwe3.png>
Package pdftex.def Info: fig/mwe3.png used on input line 178.
(pdftex.def)             Requested size: 215.10196pt x 152.14665pt.
Missing character: There is no c in font nullfont!
Missing character: There is no o in font nullfont!
Missing character: There is no d in font nullfont!
Missing character: There is no e in font nullfont!
Missing character: There is no = in font nullfont!
File: EPA_logo_green.png Graphic file (type png)

<use EPA_logo_green.png>
Package pdftex.def Info: EPA_logo_green.png used on input line 178.
(pdftex.def)             Requested size: 54.62708pt x 16.78195pt.
Missing character: There is no c in font nullfont!
Missing character: There is no o in font nullfont!
Missing character: There is no d in font nullfont!
Missing character: There is no e in font nullfont!
Missing character: There is no = in font nullfont!
 [9

 <M:/presentations/shiny_pres/fig/mwe3.png>]
<fig/mwe4.png, id=199, 567.62062pt x 429.10312pt>
File: fig/mwe4.png Graphic file (type png)
 <use fig/mwe4.png>
Package pdftex.def Info: fig/mwe4.png used on input line 178.
(pdftex.def)             Requested size: 215.10196pt x 162.60909pt.
Missing character: There is no c in font nullfont!
Missing character: There is no o in font nullfont!
Missing character: There is no d in font nullfont!
Missing character: There is no e in font nullfont!
Missing character: There is no = in font nullfont!
File: EPA_logo_green.png Graphic file (type png)

<use EPA_logo_green.png>
Package pdftex.def Info: EPA_logo_green.png used on input line 178.
(pdftex.def)             Requested size: 54.62708pt x 16.78195pt.
Missing character: There is no c in font nullfont!
Missing character: There is no o in font nullfont!
Missing character: There is no d in font nullfont!
Missing character: There is no e in font nullfont!
Missing character: There is no = in font nullfont!

Overfull \vbox (0.60638pt too high) detected at line 178
 []

[10

 <M:/presentations/shiny_pres/fig/mwe4.png>]
<fig/serverex.png, id=214, 414.79968pt x 250.68657pt>
File: fig/serverex.png Graphic file (type png)
 <use fig/serverex.png>
Package pdftex.def Info: fig/serverex.png used on input line 184.
(pdftex.def)             Requested size: 199.73653pt x 120.7107pt.
Missing character: There is no c in font nullfont!
Missing character: There is no o in font nullfont!
Missing character: There is no d in font nullfont!
Missing character: There is no e in font nullfont!
Missing character: There is no = in font nullfont!
File: EPA_logo_green.png Graphic file (type png)

<use EPA_logo_green.png>
Package pdftex.def Info: EPA_logo_green.png used on input line 184.
(pdftex.def)             Requested size: 54.62708pt x 16.78195pt.
Missing character: There is no c in font nullfont!
Missing character: There is no o in font nullfont!
Missing character: There is no d in font nullfont!
Missing character: There is no e in font nullfont!
Missing character: There is no = in font nullfont!
 [11

 <M:/presentations/shiny_pres/fig/serverex.png>]
<fig/uiex.png, id=229, 414.79968pt x 331.99031pt>
File: fig/uiex.png Graphic file (type png)
 <use fig/uiex.png>
Package pdftex.def Info: fig/uiex.png used on input line 190.
(pdftex.def)             Requested size: 199.73653pt x 159.8601pt.
Missing character: There is no c in font nullfont!
Missing character: There is no o in font nullfont!
Missing character: There is no d in font nullfont!
Missing character: There is no e in font nullfont!
Missing character: There is no = in font nullfont!
File: EPA_logo_green.png Graphic file (type png)

<use EPA_logo_green.png>
Package pdftex.def Info: EPA_logo_green.png used on input line 190.
(pdftex.def)             Requested size: 54.62708pt x 16.78195pt.
Missing character: There is no c in font nullfont!
Missing character: There is no o in font nullfont!
Missing character: There is no d in font nullfont!
Missing character: There is no e in font nullfont!
Missing character: There is no = in font nullfont!
 [12

 <M:/presentations/shiny_pres/fig/uiex.png>]
Missing character: There is no c in font nullfont!
Missing character: There is no o in font nullfont!
Missing character: There is no d in font nullfont!
Missing character: There is no e in font nullfont!
Missing character: There is no = in font nullfont!
File: EPA_logo_green.png Graphic file (type png)

<use EPA_logo_green.png>
Package pdftex.def Info: EPA_logo_green.png used on input line 200.
(pdftex.def)             Requested size: 54.62708pt x 16.78195pt.
Missing character: There is no c in font nullfont!
Missing character: There is no o in font nullfont!
Missing character: There is no d in font nullfont!
Missing character: There is no e in font nullfont!
Missing character: There is no = in font nullfont!
 [13

] (M:\presentations\shiny_pres\shiny_pres.vrb
LaTeX Font Info:    Font shape `OT1/cmtt/bx/n' in size <10> not available
(Font)              Font shape `OT1/cmtt/m/n' tried instead on input line 6.

<fig/sliderinput.png, id=259, 552.56438pt x 103.88812pt>
File: fig/sliderinput.png Graphic file (type png)

<use fig/sliderinput.png>
Package pdftex.def Info: fig/sliderinput.png used on input line 14.
(pdftex.def)             Requested size: 307.28987pt x 57.77272pt.
)
Missing character: There is no c in font nullfont!
Missing character: There is no o in font nullfont!
Missing character: There is no d in font nullfont!
Missing character: There is no e in font nullfont!
Missing character: There is no = in font nullfont!
File: EPA_logo_green.png Graphic file (type png)
 <use EPA_logo_green.png>
Package pdftex.def Info: EPA_logo_green.png used on input line 218.
(pdftex.def)             Requested size: 54.62708pt x 16.78195pt.
Missing character: There is no c in font nullfont!
Missing character: There is no o in font nullfont!
Missing character: There is no d in font nullfont!
Missing character: There is no e in font nullfont!
Missing character: There is no = in font nullfont!
 [14

 <M:/presentations/shiny_pres/fig/sliderinput.png>] (M:\presentations\shiny_pre
s\shiny_pres.vrb)
Missing character: There is no c in font nullfont!
Missing character: There is no o in font nullfont!
Missing character: There is no d in font nullfont!
Missing character: There is no e in font nullfont!
Missing character: There is no = in font nullfont!
File: EPA_logo_green.png Graphic file (type png)

<use EPA_logo_green.png>
Package pdftex.def Info: EPA_logo_green.png used on input line 244.
(pdftex.def)             Requested size: 54.62708pt x 16.78195pt.
Missing character: There is no c in font nullfont!
Missing character: There is no o in font nullfont!
Missing character: There is no d in font nullfont!
Missing character: There is no e in font nullfont!
Missing character: There is no = in font nullfont!
 [15

]
Missing character: There is no c in font nullfont!
Missing character: There is no o in font nullfont!
Missing character: There is no d in font nullfont!
Missing character: There is no e in font nullfont!
Missing character: There is no = in font nullfont!
File: EPA_logo_green.png Graphic file (type png)
 <use EPA_logo_green.png>
Package pdftex.def Info: EPA_logo_green.png used on input line 255.
(pdftex.def)             Requested size: 54.62708pt x 16.78195pt.
Missing character: There is no c in font nullfont!
Missing character: There is no o in font nullfont!
Missing character: There is no d in font nullfont!
Missing character: There is no e in font nullfont!
Missing character: There is no = in font nullfont!
 [16

]
<fig/widgets.png, id=305, 819.8128pt x 369.63094pt>
File: fig/widgets.png Graphic file (type png)
 <use fig/widgets.png>
Package pdftex.def Info: fig/widgets.png used on input line 263.
(pdftex.def)             Requested size: 307.28987pt x 138.54921pt.
Missing character: There is no c in font nullfont!
Missing character: There is no o in font nullfont!
Missing character: There is no d in font nullfont!
Missing character: There is no e in font nullfont!
Missing character: There is no = in font nullfont!
File: EPA_logo_green.png Graphic file (type png)

<use EPA_logo_green.png>
Package pdftex.def Info: EPA_logo_green.png used on input line 263.
(pdftex.def)             Requested size: 54.62708pt x 16.78195pt.
Missing character: There is no c in font nullfont!
Missing character: There is no o in font nullfont!
Missing character: There is no d in font nullfont!
Missing character: There is no e in font nullfont!
Missing character: There is no = in font nullfont!
 [17

 <M:/presentations/shiny_pres/fig/widgets.png>]
<fig/outputs.png, id=320, 788.19469pt x 341.02406pt>
File: fig/outputs.png Graphic file (type png)
 <use fig/outputs.png>
Package pdftex.def Info: fig/outputs.png used on input line 271.
(pdftex.def)             Requested size: 307.28987pt x 132.95201pt.
Missing character: There is no c in font nullfont!
Missing character: There is no o in font nullfont!
Missing character: There is no d in font nullfont!
Missing character: There is no e in font nullfont!
Missing character: There is no = in font nullfont!
File: EPA_logo_green.png Graphic file (type png)

<use EPA_logo_green.png>
Package pdftex.def Info: EPA_logo_green.png used on input line 271.
(pdftex.def)             Requested size: 54.62708pt x 16.78195pt.
Missing character: There is no c in font nullfont!
Missing character: There is no o in font nullfont!
Missing character: There is no d in font nullfont!
Missing character: There is no e in font nullfont!
Missing character: There is no = in font nullfont!
 [18

 <M:/presentations/shiny_pres/fig/outputs.png>]
Missing character: There is no c in font nullfont!
Missing character: There is no o in font nullfont!
Missing character: There is no d in font nullfont!
Missing character: There is no e in font nullfont!
Missing character: There is no = in font nullfont!
File: EPA_logo_green.png Graphic file (type png)

<use EPA_logo_green.png>
Package pdftex.def Info: EPA_logo_green.png used on input line 282.
(pdftex.def)             Requested size: 54.62708pt x 16.78195pt.
Missing character: There is no c in font nullfont!
Missing character: There is no o in font nullfont!
Missing character: There is no d in font nullfont!
Missing character: There is no e in font nullfont!
Missing character: There is no = in font nullfont!
 [19

]
Missing character: There is no c in font nullfont!
Missing character: There is no o in font nullfont!
Missing character: There is no d in font nullfont!
Missing character: There is no e in font nullfont!
Missing character: There is no = in font nullfont!
File: EPA_logo_green.png Graphic file (type png)
 <use EPA_logo_green.png>
Package pdftex.def Info: EPA_logo_green.png used on input line 296.
(pdftex.def)             Requested size: 54.62708pt x 16.78195pt.
Missing character: There is no c in font nullfont!
Missing character: There is no o in font nullfont!
Missing character: There is no d in font nullfont!
Missing character: There is no e in font nullfont!
Missing character: There is no = in font nullfont!
 [20

]
Missing character: There is no c in font nullfont!
Missing character: There is no o in font nullfont!
Missing character: There is no d in font nullfont!
Missing character: There is no e in font nullfont!
Missing character: There is no = in font nullfont!
File: EPA_logo_green.png Graphic file (type png)

<use EPA_logo_green.png>
Package pdftex.def Info: EPA_logo_green.png used on input line 303.
(pdftex.def)             Requested size: 54.62708pt x 16.78195pt.
Missing character: There is no c in font nullfont!
Missing character: There is no o in font nullfont!
Missing character: There is no d in font nullfont!
Missing character: There is no e in font nullfont!
Missing character: There is no = in font nullfont!
 [21

] <fig/saptide.pdf, id=386, 505.89pt x 144.54pt>
File: fig/saptide.pdf Graphic file (type pdf)

<use fig/saptide.pdf>
Package pdftex.def Info: fig/saptide.pdf used on input line 310.
(pdftex.def)             Requested size: 276.559pt x 79.01863pt.
 <fig/sapdo.pdf, id=387, 505.89pt x 144.54pt>
File: fig/sapdo.pdf Graphic file (type pdf)

<use fig/sapdo.pdf>
Package pdftex.def Info: fig/sapdo.pdf used on input line 310.
(pdftex.def)             Requested size: 276.559pt x 79.01863pt.
Missing character: There is no c in font nullfont!
Missing character: There is no o in font nullfont!
Missing character: There is no d in font nullfont!
Missing character: There is no e in font nullfont!
Missing character: There is no = in font nullfont!
File: EPA_logo_green.png Graphic file (type png)
 <use EPA_logo_green.png>
Package pdftex.def Info: EPA_logo_green.png used on input line 310.
(pdftex.def)             Requested size: 54.62708pt x 16.78195pt.
Missing character: There is no c in font nullfont!
Missing character: There is no o in font nullfont!
Missing character: There is no d in font nullfont!
Missing character: There is no e in font nullfont!
Missing character: There is no = in font nullfont!
 [22

 <M:/presentations/shiny_pres/fig/saptide.pdf> <M:/presentations/shiny_pres/fig
/sapdo.pdf>]
Missing character: There is no c in font nullfont!
Missing character: There is no o in font nullfont!
Missing character: There is no d in font nullfont!
Missing character: There is no e in font nullfont!
Missing character: There is no = in font nullfont!
File: EPA_logo_green.png Graphic file (type png)

<use EPA_logo_green.png>
Package pdftex.def Info: EPA_logo_green.png used on input line 320.
(pdftex.def)             Requested size: 54.62708pt x 16.78195pt.
Missing character: There is no c in font nullfont!
Missing character: There is no o in font nullfont!
Missing character: There is no d in font nullfont!
Missing character: There is no e in font nullfont!
Missing character: There is no = in font nullfont!
 [23

]
<fig/shinyex1.png, id=434, 869.49844pt x 579.66562pt>
File: fig/shinyex1.png Graphic file (type png)
 <use fig/shinyex1.png>
Package pdftex.def Info: fig/shinyex1.png used on input line 327.
(pdftex.def)             Requested size: 245.83282pt x 163.8885pt.
Missing character: There is no c in font nullfont!
Missing character: There is no o in font nullfont!
Missing character: There is no d in font nullfont!
Missing character: There is no e in font nullfont!
Missing character: There is no = in font nullfont!
File: EPA_logo_green.png Graphic file (type png)

<use EPA_logo_green.png>
Package pdftex.def Info: EPA_logo_green.png used on input line 327.
(pdftex.def)             Requested size: 54.62708pt x 16.78195pt.
Missing character: There is no c in font nullfont!
Missing character: There is no o in font nullfont!
Missing character: There is no d in font nullfont!
Missing character: There is no e in font nullfont!
Missing character: There is no = in font nullfont!
 [24

 <M:/presentations/shiny_pres/fig/shinyex1.png>]
Missing character: There is no c in font nullfont!
Missing character: There is no o in font nullfont!
Missing character: There is no d in font nullfont!
Missing character: There is no e in font nullfont!
Missing character: There is no = in font nullfont!
File: EPA_logo_green.png Graphic file (type png)

<use EPA_logo_green.png>
Package pdftex.def Info: EPA_logo_green.png used on input line 336.
(pdftex.def)             Requested size: 54.62708pt x 16.78195pt.
Missing character: There is no c in font nullfont!
Missing character: There is no o in font nullfont!
Missing character: There is no d in font nullfont!
Missing character: There is no e in font nullfont!
Missing character: There is no = in font nullfont!
 [25

]
<fig/NERRS_locations.png, id=465, 725.71124pt x 446.41782pt>
File: fig/NERRS_locations.png Graphic file (type png)

<use fig/NERRS_locations.png>
Package pdftex.def Info: fig/NERRS_locations.png used on input line 342.
(pdftex.def)             Requested size: 276.559pt x 170.12416pt.
Missing character: There is no c in font nullfont!
Missing character: There is no o in font nullfont!
Missing character: There is no d in font nullfont!
Missing character: There is no e in font nullfont!
Missing character: There is no = in font nullfont!
File: EPA_logo_green.png Graphic file (type png)
 <use EPA_logo_green.png>
Package pdftex.def Info: EPA_logo_green.png used on input line 342.
(pdftex.def)             Requested size: 54.62708pt x 16.78195pt.
Missing character: There is no c in font nullfont!
Missing character: There is no o in font nullfont!
Missing character: There is no d in font nullfont!
Missing character: There is no e in font nullfont!
Missing character: There is no = in font nullfont!
 [26

 <M:/presentations/shiny_pres/fig/NERRS_locations.png>]
Missing character: There is no c in font nullfont!
Missing character: There is no o in font nullfont!
Missing character: There is no d in font nullfont!
Missing character: There is no e in font nullfont!
Missing character: There is no = in font nullfont!
File: EPA_logo_green.png Graphic file (type png)
 <use EPA_logo_green.png>
Package pdftex.def Info: EPA_logo_green.png used on input line 352.
(pdftex.def)             Requested size: 54.62708pt x 16.78195pt.
Missing character: There is no c in font nullfont!
Missing character: There is no o in font nullfont!
Missing character: There is no d in font nullfont!
Missing character: There is no e in font nullfont!
Missing character: There is no = in font nullfont!
 [27

]
<fig/swmp_comp.png, id=495, 941.76843pt x 672.26157pt>
File: fig/swmp_comp.png Graphic file (type png)
 <use fig/swmp_comp.png>
Package pdftex.def Info: fig/swmp_comp.png used on input line 359.
(pdftex.def)             Requested size: 230.46739pt x 164.5055pt.
Missing character: There is no c in font nullfont!
Missing character: There is no o in font nullfont!
Missing character: There is no d in font nullfont!
Missing character: There is no e in font nullfont!
Missing character: There is no = in font nullfont!
File: EPA_logo_green.png Graphic file (type png)

<use EPA_logo_green.png>
Package pdftex.def Info: EPA_logo_green.png used on input line 359.
(pdftex.def)             Requested size: 54.62708pt x 16.78195pt.
Missing character: There is no c in font nullfont!
Missing character: There is no o in font nullfont!
Missing character: There is no d in font nullfont!
Missing character: There is no e in font nullfont!
Missing character: There is no = in font nullfont!
 [28

 <M:/presentations/shiny_pres/fig/swmp_comp.png>]
File: fig/shiny_logo.png Graphic file (type png)

<use fig/shiny_logo.png>
Package pdftex.def Info: fig/shiny_logo.png used on input line 378.
(pdftex.def)             Requested size: 61.45703pt x 61.45624pt.
Missing character: There is no c in font nullfont!
Missing character: There is no o in font nullfont!
Missing character: There is no d in font nullfont!
Missing character: There is no e in font nullfont!
Missing character: There is no = in font nullfont!
File: EPA_logo_green.png Graphic file (type png)
 <use EPA_logo_green.png>
Package pdftex.def Info: EPA_logo_green.png used on input line 378.
(pdftex.def)             Requested size: 54.62708pt x 16.78195pt.
Missing character: There is no c in font nullfont!
Missing character: There is no o in font nullfont!
Missing character: There is no d in font nullfont!
Missing character: There is no e in font nullfont!
Missing character: There is no = in font nullfont!
 [29

]
Missing character: There is no c in font nullfont!
Missing character: There is no o in font nullfont!
Missing character: There is no d in font nullfont!
Missing character: There is no e in font nullfont!
Missing character: There is no = in font nullfont!
File: EPA_logo_green.png Graphic file (type png)

<use EPA_logo_green.png>
Package pdftex.def Info: EPA_logo_green.png used on input line 386.
(pdftex.def)             Requested size: 54.62708pt x 16.78195pt.
Missing character: There is no c in font nullfont!
Missing character: There is no o in font nullfont!
Missing character: There is no d in font nullfont!
Missing character: There is no e in font nullfont!
Missing character: There is no = in font nullfont!
 [30

]
\tf@nav=\write8
\tf@toc=\write9
\tf@snm=\write10
Package atveryend Info: Empty hook `BeforeClearDocument' on input line 388.
Package atveryend Info: Empty hook `AfterLastShipout' on input line 388.
 (M:\presentations\shiny_pres\shiny_pres.aux)
Package atveryend Info: Executing hook `AtVeryEndDocument' on input line 388.
Package atveryend Info: Executing hook `AtEndAfterFileList' on input line 388.
Package rerunfilecheck Info: File `shiny_pres.out' has not changed.
(rerunfilecheck)             Checksum: D41D8CD98F00B204E9800998ECF8427E;0.


LaTeX Font Warning: Size substitutions with differences
(Font)              up to 1.0pt have occurred.

Package atveryend Info: Empty hook `AtVeryVeryEnd' on input line 388.
 ) 
Here is how much of TeX's memory you used:
 23662 strings out of 493921
 495159 string characters out of 3147282
 596727 words of memory out of 3000000
 26366 multiletter control sequences out of 15000+200000
 10709 words of font info for 42 fonts, out of 3000000 for 9000
 841 hyphenation exceptions out of 8191
 62i,15n,95p,968b,1038s stack positions out of 5000i,500n,10000p,200000b,50000s
<C:/Program Files/MiKTeX 2.9/fonts/type1/public/amsfonts/cm/cmbx10.pfb><C:/Pr
ogram Files/MiKTeX 2.9/fonts/type1/public/amsfonts/cm/cmbx12.pfb><C:/Program Fi
les/MiKTeX 2.9/fonts/type1/public/amsfonts/cm/cmbxti10.pfb><C:/Program Files/Mi
KTeX 2.9/fonts/type1/public/amsfonts/cm/cmitt10.pfb><C:/Program Files/MiKTeX 2.
9/fonts/type1/public/amsfonts/cm/cmr10.pfb><C:/Program Files/MiKTeX 2.9/fonts/t
ype1/public/amsfonts/cm/cmr12.pfb><C:/Program Files/MiKTeX 2.9/fonts/type1/publ
ic/amsfonts/cm/cmr6.pfb><C:/Program Files/MiKTeX 2.9/fonts/type1/public/amsfont
s/cm/cmr8.pfb><C:/Program Files/MiKTeX 2.9/fonts/type1/public/amsfonts/cm/cmsy1
0.pfb><C:/Program Files/MiKTeX 2.9/fonts/type1/public/amsfonts/cm/cmtt10.pfb>
Output written on shiny_pres.pdf (30 pages, 1667673 bytes).
PDF statistics:
 591 PDF objects out of 1000 (max. 8388607)
 61 named destinations out of 1000 (max. 500000)
 995 words of extra memory for PDF output out of 10000 (max. 10000000)

